<?xml version="1.0" encoding="UTF-8"?>
<testng-results ignored="0" total="1" passed="1" failed="0" skipped="0">
  <reporter-output>
    <line>
      <![CDATA[addretailerwithmandatorytextfield----TestScript execution strts from here-----]]>
    </line>
    <line>
      <![CDATA[addretailerwithmandatorytextfield----TestScript executed successfully-----]]>
    </line>
  </reporter-output>
  <suite started-at="2023-11-30T13:10:29 IST" name="Default suite" finished-at="2023-11-30T13:10:55 IST" duration-ms="26384">
    <groups>
      <group name="smoke">
        <method signature="addretailerwithmandatorytextfieldTest.addretailerwithmandatorytextfield()[pri:0, instance:com.Procure.Admin.addretailerwithmandatorytextfieldTest@123ef382]" name="addretailerwithmandatorytextfield" class="com.Procure.Admin.addretailerwithmandatorytextfieldTest"/>
      </group> <!-- smoke -->
    </groups>
    <test started-at="2023-11-30T13:10:29 IST" name="Default test" finished-at="2023-11-30T13:10:55 IST" duration-ms="26384">
      <class name="com.Procure.Admin.addretailerwithmandatorytextfieldTest">
        <test-method is-config="true" signature="config_BS()[pri:0, instance:com.Procure.Admin.addretailerwithmandatorytextfieldTest@123ef382]" started-at="2023-11-30T13:10:29 IST" name="config_BS" finished-at="2023-11-30T13:10:29 IST" duration-ms="375" status="PASS">
          <reporter-output>
          </reporter-output>
        </test-method> <!-- config_BS -->
        <test-method is-config="true" signature="config_BC()[pri:0, instance:com.Procure.Admin.addretailerwithmandatorytextfieldTest@123ef382]" started-at="2023-11-30T13:10:29 IST" name="config_BC" finished-at="2023-11-30T13:10:37 IST" duration-ms="7844" status="PASS">
          <reporter-output>
          </reporter-output>
        </test-method> <!-- config_BC -->
        <test-method is-config="true" signature="config_BM()[pri:0, instance:com.Procure.Admin.addretailerwithmandatorytextfieldTest@123ef382]" started-at="2023-11-30T13:10:37 IST" name="config_BM" finished-at="2023-11-30T13:10:49 IST" duration-ms="11609" status="PASS">
          <reporter-output>
          </reporter-output>
        </test-method> <!-- config_BM -->
        <test-method signature="addretailerwithmandatorytextfield()[pri:0, instance:com.Procure.Admin.addretailerwithmandatorytextfieldTest@123ef382]" started-at="2023-11-30T13:10:49 IST" name="addretailerwithmandatorytextfield" finished-at="2023-11-30T13:10:50 IST" duration-ms="1432" status="PASS">
          <reporter-output>
            <line>
              <![CDATA[addretailerwithmandatorytextfield----TestScript execution strts from here-----]]>
            </line>
            <line>
              <![CDATA[addretailerwithmandatorytextfield----TestScript executed successfully-----]]>
            </line>
          </reporter-output>
        </test-method> <!-- addretailerwithmandatorytextfield -->
        <test-method is-config="true" signature="config_AM()[pri:0, instance:com.Procure.Admin.addretailerwithmandatorytextfieldTest@123ef382]" started-at="2023-11-30T13:10:50 IST" name="config_AM" finished-at="2023-11-30T13:10:55 IST" duration-ms="5236" status="PASS">
          <reporter-output>
          </reporter-output>
        </test-method> <!-- config_AM -->
        <test-method is-config="true" signature="config_AC()[pri:0, instance:com.Procure.Admin.addretailerwithmandatorytextfieldTest@123ef382]" started-at="2023-11-30T13:10:55 IST" name="config_AC" finished-at="2023-11-30T13:10:55 IST" duration-ms="117" status="PASS">
          <reporter-output>
          </reporter-output>
        </test-method> <!-- config_AC -->
        <test-method is-config="true" signature="config_AS()[pri:0, instance:com.Procure.Admin.addretailerwithmandatorytextfieldTest@123ef382]" started-at="2023-11-30T13:10:56 IST" name="config_AS" finished-at="2023-11-30T13:10:56 IST" duration-ms="1" status="PASS">
          <reporter-output>
          </reporter-output>
        </test-method> <!-- config_AS -->
      </class> <!-- com.Procure.Admin.addretailerwithmandatorytextfieldTest -->
    </test> <!-- Default test -->
  </suite> <!-- Default suite -->
</testng-results>
